2025-09-08 15:03:55,325 - INFO - Backup criado: C:\Users\ANP\ANP\CAT - LIQUIDOS - Oleodutos\2. Arquivos BI\Consolidado\Movimentacao_E_PP\Backup_Movimentacao\2025-09-08_15-03-55_MOV_OLEODUTOS_NF.backup.xlsx
2025-09-08 15:03:55,325 - INFO - Carregando planilha: CAT-Movimentacao_Oleodutos.xlsx
2025-09-08 15:03:58,735 - INFO - Processamento de todas as planilhas concluído.
2025-09-08 15:05:39,999 - INFO - Backup criado: C:\Users\ANP\ANP\CAT - LIQUIDOS - Oleodutos\2. Arquivos BI\Consolidado\Movimentacao_E_PP\Backup_Movimentacao\2025-09-08_15-05-39_MOV_OLEODUTOS_NF.backup.xlsx
2025-09-08 15:05:39,999 - INFO - Carregando planilha: CAT-Movimentacao_Oleodutos.xlsx
2025-09-08 15:05:41,864 - INFO - Linha 12 da planilha CAT-Movimentacao_Oleodutos.xlsx processada com sucesso.
2025-09-08 15:05:41,866 - INFO - Linha 13 da planilha CAT-Movimentacao_Oleodutos.xlsx processada com sucesso.
2025-09-08 15:05:41,869 - INFO - Linha 14 da planilha CAT-Movimentacao_Oleodutos.xlsx processada com sucesso.
2025-09-08 15:05:41,871 - INFO - Linha 15 da planilha CAT-Movimentacao_Oleodutos.xlsx processada com sucesso.
2025-09-08 15:05:41,874 - INFO - Linha 16 da planilha CAT-Movimentacao_Oleodutos.xlsx processada com sucesso.
2025-09-08 15:05:41,876 - INFO - Linha 17 da planilha CAT-Movimentacao_Oleodutos.xlsx processada com sucesso.
2025-09-08 15:05:41,878 - INFO - Linha 18 da planilha CAT-Movimentacao_Oleodutos.xlsx processada com sucesso.
2025-09-08 15:05:41,882 - INFO - Linha 19 da planilha CAT-Movimentacao_Oleodutos.xlsx processada com sucesso.
2025-09-08 15:05:41,883 - INFO - Linha 20 da planilha CAT-Movimentacao_Oleodutos.xlsx processada com sucesso.
2025-09-08 15:05:41,886 - INFO - Linha 21 da planilha CAT-Movimentacao_Oleodutos.xlsx processada com sucesso.
2025-09-08 15:05:41,889 - INFO - Linha 22 da planilha CAT-Movimentacao_Oleodutos.xlsx processada com sucesso.
2025-09-08 15:05:41,891 - INFO - Linha 23 da planilha CAT-Movimentacao_Oleodutos.xlsx processada com sucesso.
2025-09-08 15:05:41,894 - INFO - Linha 24 da planilha CAT-Movimentacao_Oleodutos.xlsx processada com sucesso.
2025-09-08 15:05:41,896 - INFO - Linha 25 da planilha CAT-Movimentacao_Oleodutos.xlsx processada com sucesso.
2025-09-08 15:05:41,899 - INFO - Linha 26 da planilha CAT-Movimentacao_Oleodutos.xlsx processada com sucesso.
2025-09-08 15:05:41,901 - INFO - Linha 27 da planilha CAT-Movimentacao_Oleodutos.xlsx processada com sucesso.
2025-09-08 15:05:41,904 - INFO - Linha 28 da planilha CAT-Movimentacao_Oleodutos.xlsx processada com sucesso.
2025-09-08 15:05:41,906 - INFO - Linha 29 da planilha CAT-Movimentacao_Oleodutos.xlsx processada com sucesso.
2025-09-08 15:05:41,908 - INFO - Linha 30 da planilha CAT-Movimentacao_Oleodutos.xlsx processada com sucesso.
2025-09-08 15:05:41,911 - INFO - Linha 31 da planilha CAT-Movimentacao_Oleodutos.xlsx processada com sucesso.
2025-09-08 15:05:41,914 - INFO - Linha 32 da planilha CAT-Movimentacao_Oleodutos.xlsx processada com sucesso.
2025-09-08 15:05:41,916 - INFO - Linha 33 da planilha CAT-Movimentacao_Oleodutos.xlsx processada com sucesso.
2025-09-08 15:05:41,919 - INFO - Linha 34 da planilha CAT-Movimentacao_Oleodutos.xlsx processada com sucesso.
2025-09-08 15:05:41,922 - INFO - Linha 35 da planilha CAT-Movimentacao_Oleodutos.xlsx processada com sucesso.
2025-09-08 15:05:41,924 - INFO - Linha 36 da planilha CAT-Movimentacao_Oleodutos.xlsx processada com sucesso.
2025-09-08 15:05:41,927 - INFO - Linha 37 da planilha CAT-Movimentacao_Oleodutos.xlsx processada com sucesso.
2025-09-08 15:05:41,929 - INFO - Linha 38 da planilha CAT-Movimentacao_Oleodutos.xlsx processada com sucesso.
2025-09-08 15:05:41,931 - INFO - Linha 39 da planilha CAT-Movimentacao_Oleodutos.xlsx processada com sucesso.
2025-09-08 15:05:41,933 - INFO - Linha 40 da planilha CAT-Movimentacao_Oleodutos.xlsx processada com sucesso.
2025-09-08 15:05:42,589 - INFO - Planilha CAT-Movimentacao_Oleodutos.xlsx salva no destino: C:/Users/ANP/ANP/CAT - LIQUIDOS - Oleodutos/2. Arquivos BI/Consolidado/Movimentacao_E_PP/MOV_OLEODUTOS_NF.xlsx
2025-09-08 15:05:44,606 - INFO - Processamento de todas as planilhas concluído.
2025-09-16 10:14:04,759 - INFO - Backup criado: C:\Users\ANP\ANP\CAT - LIQUIDOS - Oleodutos\2. Arquivos BI\Consolidado\Movimentacao_E_PP\Backup_Movimentacao\2025-09-16_10-14-04_MOV_OLEODUTOS_NF.backup.xlsx
2025-09-16 10:14:04,760 - INFO - Carregando planilha: 09-25 Arquivo 5 b - Dutos Longos-Historico.xlsx
2025-09-16 10:14:07,406 - INFO - Linha 1107 da planilha 09-25 Arquivo 5 b - Dutos Longos-Historico.xlsx processada com sucesso.
2025-09-16 10:14:07,409 - INFO - Linha 1108 da planilha 09-25 Arquivo 5 b - Dutos Longos-Historico.xlsx processada com sucesso.
2025-09-16 10:14:07,412 - INFO - Linha 1109 da planilha 09-25 Arquivo 5 b - Dutos Longos-Historico.xlsx processada com sucesso.
2025-09-16 10:14:07,415 - INFO - Linha 1110 da planilha 09-25 Arquivo 5 b - Dutos Longos-Historico.xlsx processada com sucesso.
2025-09-16 10:14:07,418 - INFO - Linha 1111 da planilha 09-25 Arquivo 5 b - Dutos Longos-Historico.xlsx processada com sucesso.
2025-09-16 10:14:07,421 - INFO - Linha 1112 da planilha 09-25 Arquivo 5 b - Dutos Longos-Historico.xlsx processada com sucesso.
2025-09-16 10:14:07,424 - INFO - Linha 1113 da planilha 09-25 Arquivo 5 b - Dutos Longos-Historico.xlsx processada com sucesso.
2025-09-16 10:14:07,426 - INFO - Linha 1114 da planilha 09-25 Arquivo 5 b - Dutos Longos-Historico.xlsx processada com sucesso.
2025-09-16 10:14:07,429 - INFO - Linha 1115 da planilha 09-25 Arquivo 5 b - Dutos Longos-Historico.xlsx processada com sucesso.
2025-09-16 10:14:07,432 - INFO - Linha 1116 da planilha 09-25 Arquivo 5 b - Dutos Longos-Historico.xlsx processada com sucesso.
2025-09-16 10:14:07,435 - INFO - Linha 1117 da planilha 09-25 Arquivo 5 b - Dutos Longos-Historico.xlsx processada com sucesso.
2025-09-16 10:14:07,438 - INFO - Linha 1118 da planilha 09-25 Arquivo 5 b - Dutos Longos-Historico.xlsx processada com sucesso.
2025-09-16 10:14:07,440 - INFO - Linha 1119 da planilha 09-25 Arquivo 5 b - Dutos Longos-Historico.xlsx processada com sucesso.
2025-09-16 10:14:07,443 - INFO - Linha 1120 da planilha 09-25 Arquivo 5 b - Dutos Longos-Historico.xlsx processada com sucesso.
2025-09-16 10:14:07,446 - INFO - Linha 1121 da planilha 09-25 Arquivo 5 b - Dutos Longos-Historico.xlsx processada com sucesso.
2025-09-16 10:14:07,449 - INFO - Linha 1122 da planilha 09-25 Arquivo 5 b - Dutos Longos-Historico.xlsx processada com sucesso.
2025-09-16 10:14:07,452 - INFO - Linha 1123 da planilha 09-25 Arquivo 5 b - Dutos Longos-Historico.xlsx processada com sucesso.
2025-09-16 10:14:07,455 - INFO - Linha 1124 da planilha 09-25 Arquivo 5 b - Dutos Longos-Historico.xlsx processada com sucesso.
2025-09-16 10:14:07,457 - INFO - Linha 1125 da planilha 09-25 Arquivo 5 b - Dutos Longos-Historico.xlsx processada com sucesso.
2025-09-16 10:14:07,460 - INFO - Linha 1126 da planilha 09-25 Arquivo 5 b - Dutos Longos-Historico.xlsx processada com sucesso.
2025-09-16 10:14:07,463 - INFO - Linha 1127 da planilha 09-25 Arquivo 5 b - Dutos Longos-Historico.xlsx processada com sucesso.
2025-09-16 10:14:07,466 - INFO - Linha 1128 da planilha 09-25 Arquivo 5 b - Dutos Longos-Historico.xlsx processada com sucesso.
2025-09-16 10:14:07,469 - INFO - Linha 1129 da planilha 09-25 Arquivo 5 b - Dutos Longos-Historico.xlsx processada com sucesso.
2025-09-16 10:14:07,471 - INFO - Linha 1130 da planilha 09-25 Arquivo 5 b - Dutos Longos-Historico.xlsx processada com sucesso.
2025-09-16 10:14:07,474 - INFO - Linha 1131 da planilha 09-25 Arquivo 5 b - Dutos Longos-Historico.xlsx processada com sucesso.
2025-09-16 10:14:07,477 - INFO - Linha 1132 da planilha 09-25 Arquivo 5 b - Dutos Longos-Historico.xlsx processada com sucesso.
2025-09-16 10:14:07,480 - INFO - Linha 1133 da planilha 09-25 Arquivo 5 b - Dutos Longos-Historico.xlsx processada com sucesso.
2025-09-16 10:14:07,483 - INFO - Linha 1134 da planilha 09-25 Arquivo 5 b - Dutos Longos-Historico.xlsx processada com sucesso.
2025-09-16 10:14:07,485 - INFO - Linha 1135 da planilha 09-25 Arquivo 5 b - Dutos Longos-Historico.xlsx processada com sucesso.
2025-09-16 10:14:07,488 - INFO - Linha 1136 da planilha 09-25 Arquivo 5 b - Dutos Longos-Historico.xlsx processada com sucesso.
2025-09-16 10:14:07,491 - INFO - Linha 1137 da planilha 09-25 Arquivo 5 b - Dutos Longos-Historico.xlsx processada com sucesso.
2025-09-16 10:14:07,493 - INFO - Linha 1138 da planilha 09-25 Arquivo 5 b - Dutos Longos-Historico.xlsx processada com sucesso.
2025-09-16 10:14:07,496 - INFO - Linha 1139 da planilha 09-25 Arquivo 5 b - Dutos Longos-Historico.xlsx processada com sucesso.
2025-09-16 10:14:07,498 - INFO - Linha 1140 da planilha 09-25 Arquivo 5 b - Dutos Longos-Historico.xlsx processada com sucesso.
2025-09-16 10:14:07,501 - INFO - Linha 1141 da planilha 09-25 Arquivo 5 b - Dutos Longos-Historico.xlsx processada com sucesso.
2025-09-16 10:14:07,503 - INFO - Linha 1142 da planilha 09-25 Arquivo 5 b - Dutos Longos-Historico.xlsx processada com sucesso.
2025-09-16 10:14:07,506 - INFO - Linha 1143 da planilha 09-25 Arquivo 5 b - Dutos Longos-Historico.xlsx processada com sucesso.
2025-09-16 10:14:07,508 - INFO - Linha 1144 da planilha 09-25 Arquivo 5 b - Dutos Longos-Historico.xlsx processada com sucesso.
2025-09-16 10:14:07,511 - INFO - Linha 1145 da planilha 09-25 Arquivo 5 b - Dutos Longos-Historico.xlsx processada com sucesso.
2025-09-16 10:14:07,513 - INFO - Linha 1146 da planilha 09-25 Arquivo 5 b - Dutos Longos-Historico.xlsx processada com sucesso.
2025-09-16 10:14:07,516 - INFO - Linha 1147 da planilha 09-25 Arquivo 5 b - Dutos Longos-Historico.xlsx processada com sucesso.
2025-09-16 10:14:07,518 - INFO - Linha 1148 da planilha 09-25 Arquivo 5 b - Dutos Longos-Historico.xlsx processada com sucesso.
2025-09-16 10:14:07,521 - INFO - Linha 1149 da planilha 09-25 Arquivo 5 b - Dutos Longos-Historico.xlsx processada com sucesso.
2025-09-16 10:14:07,523 - INFO - Linha 1150 da planilha 09-25 Arquivo 5 b - Dutos Longos-Historico.xlsx processada com sucesso.
2025-09-16 10:14:07,526 - INFO - Linha 1151 da planilha 09-25 Arquivo 5 b - Dutos Longos-Historico.xlsx processada com sucesso.
2025-09-16 10:14:07,528 - INFO - Linha 1152 da planilha 09-25 Arquivo 5 b - Dutos Longos-Historico.xlsx processada com sucesso.
2025-09-16 10:14:07,531 - INFO - Linha 1153 da planilha 09-25 Arquivo 5 b - Dutos Longos-Historico.xlsx processada com sucesso.
2025-09-16 10:14:07,533 - INFO - Linha 1154 da planilha 09-25 Arquivo 5 b - Dutos Longos-Historico.xlsx processada com sucesso.
2025-09-16 10:14:07,536 - INFO - Linha 1155 da planilha 09-25 Arquivo 5 b - Dutos Longos-Historico.xlsx processada com sucesso.
2025-09-16 10:14:07,538 - INFO - Linha 1156 da planilha 09-25 Arquivo 5 b - Dutos Longos-Historico.xlsx processada com sucesso.
2025-09-16 10:14:07,541 - INFO - Linha 1157 da planilha 09-25 Arquivo 5 b - Dutos Longos-Historico.xlsx processada com sucesso.
2025-09-16 10:14:07,543 - INFO - Linha 1158 da planilha 09-25 Arquivo 5 b - Dutos Longos-Historico.xlsx processada com sucesso.
2025-09-16 10:14:07,546 - INFO - Linha 1159 da planilha 09-25 Arquivo 5 b - Dutos Longos-Historico.xlsx processada com sucesso.
2025-09-16 10:14:07,549 - INFO - Linha 1160 da planilha 09-25 Arquivo 5 b - Dutos Longos-Historico.xlsx processada com sucesso.
2025-09-16 10:14:07,551 - INFO - Linha 1161 da planilha 09-25 Arquivo 5 b - Dutos Longos-Historico.xlsx processada com sucesso.
2025-09-16 10:14:07,554 - INFO - Linha 1162 da planilha 09-25 Arquivo 5 b - Dutos Longos-Historico.xlsx processada com sucesso.
2025-09-16 10:14:07,556 - INFO - Linha 1163 da planilha 09-25 Arquivo 5 b - Dutos Longos-Historico.xlsx processada com sucesso.
2025-09-16 10:14:07,559 - INFO - Linha 1164 da planilha 09-25 Arquivo 5 b - Dutos Longos-Historico.xlsx processada com sucesso.
2025-09-16 10:14:07,561 - INFO - Linha 1165 da planilha 09-25 Arquivo 5 b - Dutos Longos-Historico.xlsx processada com sucesso.
2025-09-16 10:14:07,563 - INFO - Linha 1166 da planilha 09-25 Arquivo 5 b - Dutos Longos-Historico.xlsx processada com sucesso.
2025-09-16 10:14:07,566 - INFO - Linha 1167 da planilha 09-25 Arquivo 5 b - Dutos Longos-Historico.xlsx processada com sucesso.
2025-09-16 10:14:07,569 - INFO - Linha 1168 da planilha 09-25 Arquivo 5 b - Dutos Longos-Historico.xlsx processada com sucesso.
2025-09-16 10:14:07,572 - INFO - Linha 1169 da planilha 09-25 Arquivo 5 b - Dutos Longos-Historico.xlsx processada com sucesso.
2025-09-16 10:14:07,574 - INFO - Linha 1170 da planilha 09-25 Arquivo 5 b - Dutos Longos-Historico.xlsx processada com sucesso.
2025-09-16 10:14:07,576 - INFO - Linha 1171 da planilha 09-25 Arquivo 5 b - Dutos Longos-Historico.xlsx processada com sucesso.
2025-09-16 10:14:07,579 - INFO - Linha 1172 da planilha 09-25 Arquivo 5 b - Dutos Longos-Historico.xlsx processada com sucesso.
2025-09-16 10:14:07,582 - INFO - Linha 1173 da planilha 09-25 Arquivo 5 b - Dutos Longos-Historico.xlsx processada com sucesso.
2025-09-16 10:14:07,585 - INFO - Linha 1174 da planilha 09-25 Arquivo 5 b - Dutos Longos-Historico.xlsx processada com sucesso.
2025-09-16 10:14:07,587 - INFO - Linha 1175 da planilha 09-25 Arquivo 5 b - Dutos Longos-Historico.xlsx processada com sucesso.
2025-09-16 10:14:07,589 - INFO - Linha 1176 da planilha 09-25 Arquivo 5 b - Dutos Longos-Historico.xlsx processada com sucesso.
2025-09-16 10:14:07,592 - INFO - Linha 1177 da planilha 09-25 Arquivo 5 b - Dutos Longos-Historico.xlsx processada com sucesso.
2025-09-16 10:14:07,594 - INFO - Linha 1178 da planilha 09-25 Arquivo 5 b - Dutos Longos-Historico.xlsx processada com sucesso.
2025-09-16 10:14:07,596 - INFO - Linha 1179 da planilha 09-25 Arquivo 5 b - Dutos Longos-Historico.xlsx processada com sucesso.
2025-09-16 10:14:07,600 - INFO - Linha 1180 da planilha 09-25 Arquivo 5 b - Dutos Longos-Historico.xlsx processada com sucesso.
2025-09-16 10:14:07,602 - INFO - Linha 1181 da planilha 09-25 Arquivo 5 b - Dutos Longos-Historico.xlsx processada com sucesso.
2025-09-16 10:14:07,605 - INFO - Linha 1182 da planilha 09-25 Arquivo 5 b - Dutos Longos-Historico.xlsx processada com sucesso.
2025-09-16 10:14:07,608 - INFO - Linha 1183 da planilha 09-25 Arquivo 5 b - Dutos Longos-Historico.xlsx processada com sucesso.
2025-09-16 10:14:07,611 - INFO - Linha 1184 da planilha 09-25 Arquivo 5 b - Dutos Longos-Historico.xlsx processada com sucesso.
2025-09-16 10:14:07,613 - INFO - Linha 1185 da planilha 09-25 Arquivo 5 b - Dutos Longos-Historico.xlsx processada com sucesso.
2025-09-16 10:14:07,616 - INFO - Linha 1186 da planilha 09-25 Arquivo 5 b - Dutos Longos-Historico.xlsx processada com sucesso.
2025-09-16 10:14:07,619 - INFO - Linha 1187 da planilha 09-25 Arquivo 5 b - Dutos Longos-Historico.xlsx processada com sucesso.
2025-09-16 10:14:07,622 - INFO - Linha 1188 da planilha 09-25 Arquivo 5 b - Dutos Longos-Historico.xlsx processada com sucesso.
2025-09-16 10:14:07,624 - INFO - Linha 1189 da planilha 09-25 Arquivo 5 b - Dutos Longos-Historico.xlsx processada com sucesso.
2025-09-16 10:14:07,626 - INFO - Linha 1190 da planilha 09-25 Arquivo 5 b - Dutos Longos-Historico.xlsx processada com sucesso.
2025-09-16 10:14:07,628 - INFO - Linha 1191 da planilha 09-25 Arquivo 5 b - Dutos Longos-Historico.xlsx processada com sucesso.
2025-09-16 10:14:07,631 - INFO - Linha 1192 da planilha 09-25 Arquivo 5 b - Dutos Longos-Historico.xlsx processada com sucesso.
2025-09-16 10:14:07,634 - INFO - Linha 1193 da planilha 09-25 Arquivo 5 b - Dutos Longos-Historico.xlsx processada com sucesso.
2025-09-16 10:14:07,636 - INFO - Linha 1194 da planilha 09-25 Arquivo 5 b - Dutos Longos-Historico.xlsx processada com sucesso.
2025-09-16 10:14:07,639 - INFO - Linha 1195 da planilha 09-25 Arquivo 5 b - Dutos Longos-Historico.xlsx processada com sucesso.
2025-09-16 10:14:07,642 - INFO - Linha 1196 da planilha 09-25 Arquivo 5 b - Dutos Longos-Historico.xlsx processada com sucesso.
2025-09-16 10:14:07,644 - INFO - Linha 1197 da planilha 09-25 Arquivo 5 b - Dutos Longos-Historico.xlsx processada com sucesso.
2025-09-16 10:14:07,646 - INFO - Linha 1198 da planilha 09-25 Arquivo 5 b - Dutos Longos-Historico.xlsx processada com sucesso.
2025-09-16 10:14:07,648 - INFO - Linha 1199 da planilha 09-25 Arquivo 5 b - Dutos Longos-Historico.xlsx processada com sucesso.
2025-09-16 10:14:07,651 - INFO - Linha 1200 da planilha 09-25 Arquivo 5 b - Dutos Longos-Historico.xlsx processada com sucesso.
2025-09-16 10:14:07,654 - INFO - Linha 1201 da planilha 09-25 Arquivo 5 b - Dutos Longos-Historico.xlsx processada com sucesso.
2025-09-16 10:14:07,656 - INFO - Linha 1202 da planilha 09-25 Arquivo 5 b - Dutos Longos-Historico.xlsx processada com sucesso.
2025-09-16 10:14:07,659 - INFO - Linha 1203 da planilha 09-25 Arquivo 5 b - Dutos Longos-Historico.xlsx processada com sucesso.
2025-09-16 10:14:07,661 - INFO - Linha 1204 da planilha 09-25 Arquivo 5 b - Dutos Longos-Historico.xlsx processada com sucesso.
2025-09-16 10:14:07,664 - INFO - Linha 1205 da planilha 09-25 Arquivo 5 b - Dutos Longos-Historico.xlsx processada com sucesso.
2025-09-16 10:14:07,667 - INFO - Linha 1206 da planilha 09-25 Arquivo 5 b - Dutos Longos-Historico.xlsx processada com sucesso.
2025-09-16 10:14:07,670 - INFO - Linha 1207 da planilha 09-25 Arquivo 5 b - Dutos Longos-Historico.xlsx processada com sucesso.
2025-09-16 10:14:07,672 - INFO - Linha 1208 da planilha 09-25 Arquivo 5 b - Dutos Longos-Historico.xlsx processada com sucesso.
2025-09-16 10:14:07,675 - INFO - Linha 1209 da planilha 09-25 Arquivo 5 b - Dutos Longos-Historico.xlsx processada com sucesso.
2025-09-16 10:14:07,678 - INFO - Linha 1210 da planilha 09-25 Arquivo 5 b - Dutos Longos-Historico.xlsx processada com sucesso.
2025-09-16 10:14:07,680 - INFO - Linha 1211 da planilha 09-25 Arquivo 5 b - Dutos Longos-Historico.xlsx processada com sucesso.
2025-09-16 10:14:07,683 - INFO - Linha 1212 da planilha 09-25 Arquivo 5 b - Dutos Longos-Historico.xlsx processada com sucesso.
2025-09-16 10:14:07,686 - INFO - Linha 1213 da planilha 09-25 Arquivo 5 b - Dutos Longos-Historico.xlsx processada com sucesso.
2025-09-16 10:14:07,688 - INFO - Linha 1214 da planilha 09-25 Arquivo 5 b - Dutos Longos-Historico.xlsx processada com sucesso.
2025-09-16 10:14:07,690 - INFO - Linha 1215 da planilha 09-25 Arquivo 5 b - Dutos Longos-Historico.xlsx processada com sucesso.
2025-09-16 10:14:07,693 - INFO - Linha 1216 da planilha 09-25 Arquivo 5 b - Dutos Longos-Historico.xlsx processada com sucesso.
2025-09-16 10:14:07,695 - INFO - Linha 1217 da planilha 09-25 Arquivo 5 b - Dutos Longos-Historico.xlsx processada com sucesso.
2025-09-16 10:14:07,698 - INFO - Linha 1218 da planilha 09-25 Arquivo 5 b - Dutos Longos-Historico.xlsx processada com sucesso.
2025-09-16 10:14:07,701 - INFO - Linha 1219 da planilha 09-25 Arquivo 5 b - Dutos Longos-Historico.xlsx processada com sucesso.
2025-09-16 10:14:07,704 - INFO - Linha 1220 da planilha 09-25 Arquivo 5 b - Dutos Longos-Historico.xlsx processada com sucesso.
2025-09-16 10:14:07,706 - INFO - Linha 1221 da planilha 09-25 Arquivo 5 b - Dutos Longos-Historico.xlsx processada com sucesso.
2025-09-16 10:14:07,709 - INFO - Linha 1222 da planilha 09-25 Arquivo 5 b - Dutos Longos-Historico.xlsx processada com sucesso.
2025-09-16 10:14:07,712 - INFO - Linha 1223 da planilha 09-25 Arquivo 5 b - Dutos Longos-Historico.xlsx processada com sucesso.
2025-09-16 10:14:07,714 - INFO - Linha 1224 da planilha 09-25 Arquivo 5 b - Dutos Longos-Historico.xlsx processada com sucesso.
2025-09-16 10:14:07,718 - INFO - Linha 1225 da planilha 09-25 Arquivo 5 b - Dutos Longos-Historico.xlsx processada com sucesso.
2025-09-16 10:14:07,720 - INFO - Linha 1226 da planilha 09-25 Arquivo 5 b - Dutos Longos-Historico.xlsx processada com sucesso.
2025-09-16 10:14:07,723 - INFO - Linha 1227 da planilha 09-25 Arquivo 5 b - Dutos Longos-Historico.xlsx processada com sucesso.
2025-09-16 10:14:07,725 - INFO - Linha 1228 da planilha 09-25 Arquivo 5 b - Dutos Longos-Historico.xlsx processada com sucesso.
2025-09-16 10:14:07,729 - INFO - Linha 1229 da planilha 09-25 Arquivo 5 b - Dutos Longos-Historico.xlsx processada com sucesso.
2025-09-16 10:14:07,731 - INFO - Linha 1230 da planilha 09-25 Arquivo 5 b - Dutos Longos-Historico.xlsx processada com sucesso.
2025-09-16 10:14:07,734 - INFO - Linha 1231 da planilha 09-25 Arquivo 5 b - Dutos Longos-Historico.xlsx processada com sucesso.
2025-09-16 10:14:07,736 - INFO - Linha 1232 da planilha 09-25 Arquivo 5 b - Dutos Longos-Historico.xlsx processada com sucesso.
2025-09-16 10:14:07,739 - INFO - Linha 1233 da planilha 09-25 Arquivo 5 b - Dutos Longos-Historico.xlsx processada com sucesso.
2025-09-16 10:14:07,741 - INFO - Linha 1234 da planilha 09-25 Arquivo 5 b - Dutos Longos-Historico.xlsx processada com sucesso.
2025-09-16 10:14:07,744 - INFO - Linha 1235 da planilha 09-25 Arquivo 5 b - Dutos Longos-Historico.xlsx processada com sucesso.
2025-09-16 10:14:07,746 - INFO - Linha 1236 da planilha 09-25 Arquivo 5 b - Dutos Longos-Historico.xlsx processada com sucesso.
2025-09-16 10:14:07,749 - INFO - Linha 1237 da planilha 09-25 Arquivo 5 b - Dutos Longos-Historico.xlsx processada com sucesso.
2025-09-16 10:14:07,751 - INFO - Linha 1238 da planilha 09-25 Arquivo 5 b - Dutos Longos-Historico.xlsx processada com sucesso.
2025-09-16 10:14:07,754 - INFO - Linha 1239 da planilha 09-25 Arquivo 5 b - Dutos Longos-Historico.xlsx processada com sucesso.
2025-09-16 10:14:07,756 - INFO - Linha 1240 da planilha 09-25 Arquivo 5 b - Dutos Longos-Historico.xlsx processada com sucesso.
2025-09-16 10:14:07,758 - INFO - Linha 1241 da planilha 09-25 Arquivo 5 b - Dutos Longos-Historico.xlsx processada com sucesso.
2025-09-16 10:14:07,761 - INFO - Linha 1242 da planilha 09-25 Arquivo 5 b - Dutos Longos-Historico.xlsx processada com sucesso.
2025-09-16 10:14:07,764 - INFO - Linha 1243 da planilha 09-25 Arquivo 5 b - Dutos Longos-Historico.xlsx processada com sucesso.
2025-09-16 10:14:07,766 - INFO - Linha 1244 da planilha 09-25 Arquivo 5 b - Dutos Longos-Historico.xlsx processada com sucesso.
2025-09-16 10:14:07,769 - INFO - Linha 1245 da planilha 09-25 Arquivo 5 b - Dutos Longos-Historico.xlsx processada com sucesso.
2025-09-16 10:14:07,772 - INFO - Linha 1246 da planilha 09-25 Arquivo 5 b - Dutos Longos-Historico.xlsx processada com sucesso.
2025-09-16 10:14:07,775 - INFO - Linha 1247 da planilha 09-25 Arquivo 5 b - Dutos Longos-Historico.xlsx processada com sucesso.
2025-09-16 10:14:07,778 - INFO - Linha 1248 da planilha 09-25 Arquivo 5 b - Dutos Longos-Historico.xlsx processada com sucesso.
2025-09-16 10:14:07,780 - INFO - Linha 1249 da planilha 09-25 Arquivo 5 b - Dutos Longos-Historico.xlsx processada com sucesso.
2025-09-16 10:14:07,783 - INFO - Linha 1250 da planilha 09-25 Arquivo 5 b - Dutos Longos-Historico.xlsx processada com sucesso.
2025-09-16 10:14:07,785 - INFO - Linha 1251 da planilha 09-25 Arquivo 5 b - Dutos Longos-Historico.xlsx processada com sucesso.
2025-09-16 10:14:07,788 - INFO - Linha 1252 da planilha 09-25 Arquivo 5 b - Dutos Longos-Historico.xlsx processada com sucesso.
2025-09-16 10:14:07,790 - INFO - Linha 1253 da planilha 09-25 Arquivo 5 b - Dutos Longos-Historico.xlsx processada com sucesso.
2025-09-16 10:14:07,792 - INFO - Linha 1254 da planilha 09-25 Arquivo 5 b - Dutos Longos-Historico.xlsx processada com sucesso.
2025-09-16 10:14:07,795 - INFO - Linha 1255 da planilha 09-25 Arquivo 5 b - Dutos Longos-Historico.xlsx processada com sucesso.
2025-09-16 10:14:07,798 - INFO - Linha 1256 da planilha 09-25 Arquivo 5 b - Dutos Longos-Historico.xlsx processada com sucesso.
2025-09-16 10:14:07,800 - INFO - Linha 1257 da planilha 09-25 Arquivo 5 b - Dutos Longos-Historico.xlsx processada com sucesso.
2025-09-16 10:14:07,803 - INFO - Linha 1258 da planilha 09-25 Arquivo 5 b - Dutos Longos-Historico.xlsx processada com sucesso.
2025-09-16 10:14:07,805 - INFO - Linha 1259 da planilha 09-25 Arquivo 5 b - Dutos Longos-Historico.xlsx processada com sucesso.
2025-09-16 10:14:08,724 - INFO - Planilha 09-25 Arquivo 5 b - Dutos Longos-Historico.xlsx salva no destino: C:/Users/ANP/ANP/CAT - LIQUIDOS - Oleodutos/2. Arquivos BI/Consolidado/Movimentacao_E_PP/MOV_OLEODUTOS_NF.xlsx
2025-09-16 10:14:10,206 - INFO - Processamento de todas as planilhas concluído.
2025-09-16 10:52:47,480 - INFO - Backup criado: C:\Users\ANP\ANP\CAT - LIQUIDOS - Oleodutos\2. Arquivos BI\Consolidado\Movimentacao_E_PP\Backup_Movimentacao\2025-09-16_10-52-47_MOV_OLEODUTOS_NF.backup.xlsx
2025-09-16 10:52:47,480 - INFO - Carregando planilha: 09-25 Arquivo 5 b - Dutos Longos-Historico.xlsx
2025-09-16 10:52:50,259 - INFO - Linha 1107 da planilha 09-25 Arquivo 5 b - Dutos Longos-Historico.xlsx processada com sucesso.
2025-09-16 10:52:50,261 - INFO - Linha 1108 da planilha 09-25 Arquivo 5 b - Dutos Longos-Historico.xlsx processada com sucesso.
2025-09-16 10:52:50,264 - INFO - Linha 1109 da planilha 09-25 Arquivo 5 b - Dutos Longos-Historico.xlsx processada com sucesso.
2025-09-16 10:52:50,267 - INFO - Linha 1110 da planilha 09-25 Arquivo 5 b - Dutos Longos-Historico.xlsx processada com sucesso.
2025-09-16 10:52:50,270 - INFO - Linha 1111 da planilha 09-25 Arquivo 5 b - Dutos Longos-Historico.xlsx processada com sucesso.
2025-09-16 10:52:50,273 - INFO - Linha 1112 da planilha 09-25 Arquivo 5 b - Dutos Longos-Historico.xlsx processada com sucesso.
2025-09-16 10:52:50,275 - INFO - Linha 1113 da planilha 09-25 Arquivo 5 b - Dutos Longos-Historico.xlsx processada com sucesso.
2025-09-16 10:52:50,277 - INFO - Linha 1114 da planilha 09-25 Arquivo 5 b - Dutos Longos-Historico.xlsx processada com sucesso.
2025-09-16 10:52:50,280 - INFO - Linha 1115 da planilha 09-25 Arquivo 5 b - Dutos Longos-Historico.xlsx processada com sucesso.
2025-09-16 10:52:50,283 - INFO - Linha 1116 da planilha 09-25 Arquivo 5 b - Dutos Longos-Historico.xlsx processada com sucesso.
2025-09-16 10:52:50,286 - INFO - Linha 1117 da planilha 09-25 Arquivo 5 b - Dutos Longos-Historico.xlsx processada com sucesso.
2025-09-16 10:52:50,288 - INFO - Linha 1118 da planilha 09-25 Arquivo 5 b - Dutos Longos-Historico.xlsx processada com sucesso.
2025-09-16 10:52:50,291 - INFO - Linha 1119 da planilha 09-25 Arquivo 5 b - Dutos Longos-Historico.xlsx processada com sucesso.
2025-09-16 10:52:50,294 - INFO - Linha 1120 da planilha 09-25 Arquivo 5 b - Dutos Longos-Historico.xlsx processada com sucesso.
2025-09-16 10:52:50,296 - INFO - Linha 1121 da planilha 09-25 Arquivo 5 b - Dutos Longos-Historico.xlsx processada com sucesso.
2025-09-16 10:52:50,299 - INFO - Linha 1122 da planilha 09-25 Arquivo 5 b - Dutos Longos-Historico.xlsx processada com sucesso.
2025-09-16 10:52:50,302 - INFO - Linha 1123 da planilha 09-25 Arquivo 5 b - Dutos Longos-Historico.xlsx processada com sucesso.
2025-09-16 10:52:50,305 - INFO - Linha 1124 da planilha 09-25 Arquivo 5 b - Dutos Longos-Historico.xlsx processada com sucesso.
2025-09-16 10:52:50,308 - INFO - Linha 1125 da planilha 09-25 Arquivo 5 b - Dutos Longos-Historico.xlsx processada com sucesso.
2025-09-16 10:52:50,312 - INFO - Linha 1126 da planilha 09-25 Arquivo 5 b - Dutos Longos-Historico.xlsx processada com sucesso.
2025-09-16 10:52:50,314 - INFO - Linha 1127 da planilha 09-25 Arquivo 5 b - Dutos Longos-Historico.xlsx processada com sucesso.
2025-09-16 10:52:50,317 - INFO - Linha 1128 da planilha 09-25 Arquivo 5 b - Dutos Longos-Historico.xlsx processada com sucesso.
2025-09-16 10:52:50,320 - INFO - Linha 1129 da planilha 09-25 Arquivo 5 b - Dutos Longos-Historico.xlsx processada com sucesso.
2025-09-16 10:52:50,323 - INFO - Linha 1130 da planilha 09-25 Arquivo 5 b - Dutos Longos-Historico.xlsx processada com sucesso.
2025-09-16 10:52:50,325 - INFO - Linha 1131 da planilha 09-25 Arquivo 5 b - Dutos Longos-Historico.xlsx processada com sucesso.
2025-09-16 10:52:50,328 - INFO - Linha 1132 da planilha 09-25 Arquivo 5 b - Dutos Longos-Historico.xlsx processada com sucesso.
2025-09-16 10:52:50,331 - INFO - Linha 1133 da planilha 09-25 Arquivo 5 b - Dutos Longos-Historico.xlsx processada com sucesso.
2025-09-16 10:52:50,334 - INFO - Linha 1134 da planilha 09-25 Arquivo 5 b - Dutos Longos-Historico.xlsx processada com sucesso.
2025-09-16 10:52:50,337 - INFO - Linha 1135 da planilha 09-25 Arquivo 5 b - Dutos Longos-Historico.xlsx processada com sucesso.
2025-09-16 10:52:50,339 - INFO - Linha 1136 da planilha 09-25 Arquivo 5 b - Dutos Longos-Historico.xlsx processada com sucesso.
2025-09-16 10:52:50,342 - INFO - Linha 1137 da planilha 09-25 Arquivo 5 b - Dutos Longos-Historico.xlsx processada com sucesso.
2025-09-16 10:52:50,345 - INFO - Linha 1138 da planilha 09-25 Arquivo 5 b - Dutos Longos-Historico.xlsx processada com sucesso.
2025-09-16 10:52:50,347 - INFO - Linha 1139 da planilha 09-25 Arquivo 5 b - Dutos Longos-Historico.xlsx processada com sucesso.
2025-09-16 10:52:50,350 - INFO - Linha 1140 da planilha 09-25 Arquivo 5 b - Dutos Longos-Historico.xlsx processada com sucesso.
2025-09-16 10:52:50,353 - INFO - Linha 1141 da planilha 09-25 Arquivo 5 b - Dutos Longos-Historico.xlsx processada com sucesso.
2025-09-16 10:52:50,355 - INFO - Linha 1142 da planilha 09-25 Arquivo 5 b - Dutos Longos-Historico.xlsx processada com sucesso.
2025-09-16 10:52:50,358 - INFO - Linha 1143 da planilha 09-25 Arquivo 5 b - Dutos Longos-Historico.xlsx processada com sucesso.
2025-09-16 10:52:50,361 - INFO - Linha 1144 da planilha 09-25 Arquivo 5 b - Dutos Longos-Historico.xlsx processada com sucesso.
2025-09-16 10:52:50,363 - INFO - Linha 1145 da planilha 09-25 Arquivo 5 b - Dutos Longos-Historico.xlsx processada com sucesso.
2025-09-16 10:52:50,365 - INFO - Linha 1146 da planilha 09-25 Arquivo 5 b - Dutos Longos-Historico.xlsx processada com sucesso.
2025-09-16 10:52:50,369 - INFO - Linha 1147 da planilha 09-25 Arquivo 5 b - Dutos Longos-Historico.xlsx processada com sucesso.
2025-09-16 10:52:50,372 - INFO - Linha 1148 da planilha 09-25 Arquivo 5 b - Dutos Longos-Historico.xlsx processada com sucesso.
2025-09-16 10:52:50,374 - INFO - Linha 1149 da planilha 09-25 Arquivo 5 b - Dutos Longos-Historico.xlsx processada com sucesso.
2025-09-16 10:52:50,377 - INFO - Linha 1150 da planilha 09-25 Arquivo 5 b - Dutos Longos-Historico.xlsx processada com sucesso.
2025-09-16 10:52:50,380 - INFO - Linha 1151 da planilha 09-25 Arquivo 5 b - Dutos Longos-Historico.xlsx processada com sucesso.
2025-09-16 10:52:50,382 - INFO - Linha 1152 da planilha 09-25 Arquivo 5 b - Dutos Longos-Historico.xlsx processada com sucesso.
2025-09-16 10:52:50,385 - INFO - Linha 1153 da planilha 09-25 Arquivo 5 b - Dutos Longos-Historico.xlsx processada com sucesso.
2025-09-16 10:52:50,387 - INFO - Linha 1154 da planilha 09-25 Arquivo 5 b - Dutos Longos-Historico.xlsx processada com sucesso.
2025-09-16 10:52:50,390 - INFO - Linha 1155 da planilha 09-25 Arquivo 5 b - Dutos Longos-Historico.xlsx processada com sucesso.
2025-09-16 10:52:50,393 - INFO - Linha 1156 da planilha 09-25 Arquivo 5 b - Dutos Longos-Historico.xlsx processada com sucesso.
2025-09-16 10:52:50,396 - INFO - Linha 1157 da planilha 09-25 Arquivo 5 b - Dutos Longos-Historico.xlsx processada com sucesso.
2025-09-16 10:52:50,398 - INFO - Linha 1158 da planilha 09-25 Arquivo 5 b - Dutos Longos-Historico.xlsx processada com sucesso.
2025-09-16 10:52:50,401 - INFO - Linha 1159 da planilha 09-25 Arquivo 5 b - Dutos Longos-Historico.xlsx processada com sucesso.
2025-09-16 10:52:50,404 - INFO - Linha 1160 da planilha 09-25 Arquivo 5 b - Dutos Longos-Historico.xlsx processada com sucesso.
2025-09-16 10:52:50,406 - INFO - Linha 1161 da planilha 09-25 Arquivo 5 b - Dutos Longos-Historico.xlsx processada com sucesso.
2025-09-16 10:52:50,409 - INFO - Linha 1162 da planilha 09-25 Arquivo 5 b - Dutos Longos-Historico.xlsx processada com sucesso.
2025-09-16 10:52:50,412 - INFO - Linha 1163 da planilha 09-25 Arquivo 5 b - Dutos Longos-Historico.xlsx processada com sucesso.
2025-09-16 10:52:50,414 - INFO - Linha 1164 da planilha 09-25 Arquivo 5 b - Dutos Longos-Historico.xlsx processada com sucesso.
2025-09-16 10:52:50,417 - INFO - Linha 1165 da planilha 09-25 Arquivo 5 b - Dutos Longos-Historico.xlsx processada com sucesso.
2025-09-16 10:52:50,420 - INFO - Linha 1166 da planilha 09-25 Arquivo 5 b - Dutos Longos-Historico.xlsx processada com sucesso.
2025-09-16 10:52:50,422 - INFO - Linha 1167 da planilha 09-25 Arquivo 5 b - Dutos Longos-Historico.xlsx processada com sucesso.
2025-09-16 10:52:50,426 - INFO - Linha 1168 da planilha 09-25 Arquivo 5 b - Dutos Longos-Historico.xlsx processada com sucesso.
2025-09-16 10:52:50,428 - INFO - Linha 1169 da planilha 09-25 Arquivo 5 b - Dutos Longos-Historico.xlsx processada com sucesso.
2025-09-16 10:52:50,430 - INFO - Linha 1170 da planilha 09-25 Arquivo 5 b - Dutos Longos-Historico.xlsx processada com sucesso.
2025-09-16 10:52:50,434 - INFO - Linha 1171 da planilha 09-25 Arquivo 5 b - Dutos Longos-Historico.xlsx processada com sucesso.
2025-09-16 10:52:50,436 - INFO - Linha 1172 da planilha 09-25 Arquivo 5 b - Dutos Longos-Historico.xlsx processada com sucesso.
2025-09-16 10:52:50,439 - INFO - Linha 1173 da planilha 09-25 Arquivo 5 b - Dutos Longos-Historico.xlsx processada com sucesso.
2025-09-16 10:52:50,441 - INFO - Linha 1174 da planilha 09-25 Arquivo 5 b - Dutos Longos-Historico.xlsx processada com sucesso.
2025-09-16 10:52:50,444 - INFO - Linha 1175 da planilha 09-25 Arquivo 5 b - Dutos Longos-Historico.xlsx processada com sucesso.
2025-09-16 10:52:50,448 - INFO - Linha 1176 da planilha 09-25 Arquivo 5 b - Dutos Longos-Historico.xlsx processada com sucesso.
2025-09-16 10:52:50,451 - INFO - Linha 1177 da planilha 09-25 Arquivo 5 b - Dutos Longos-Historico.xlsx processada com sucesso.
2025-09-16 10:52:50,454 - INFO - Linha 1178 da planilha 09-25 Arquivo 5 b - Dutos Longos-Historico.xlsx processada com sucesso.
2025-09-16 10:52:50,457 - INFO - Linha 1179 da planilha 09-25 Arquivo 5 b - Dutos Longos-Historico.xlsx processada com sucesso.
2025-09-16 10:52:50,460 - INFO - Linha 1180 da planilha 09-25 Arquivo 5 b - Dutos Longos-Historico.xlsx processada com sucesso.
2025-09-16 10:52:50,462 - INFO - Linha 1181 da planilha 09-25 Arquivo 5 b - Dutos Longos-Historico.xlsx processada com sucesso.
2025-09-16 10:52:50,465 - INFO - Linha 1182 da planilha 09-25 Arquivo 5 b - Dutos Longos-Historico.xlsx processada com sucesso.
2025-09-16 10:52:50,467 - INFO - Linha 1183 da planilha 09-25 Arquivo 5 b - Dutos Longos-Historico.xlsx processada com sucesso.
2025-09-16 10:52:50,470 - INFO - Linha 1184 da planilha 09-25 Arquivo 5 b - Dutos Longos-Historico.xlsx processada com sucesso.
2025-09-16 10:52:50,472 - INFO - Linha 1185 da planilha 09-25 Arquivo 5 b - Dutos Longos-Historico.xlsx processada com sucesso.
2025-09-16 10:52:50,475 - INFO - Linha 1186 da planilha 09-25 Arquivo 5 b - Dutos Longos-Historico.xlsx processada com sucesso.
2025-09-16 10:52:50,477 - INFO - Linha 1187 da planilha 09-25 Arquivo 5 b - Dutos Longos-Historico.xlsx processada com sucesso.
2025-09-16 10:52:50,480 - INFO - Linha 1188 da planilha 09-25 Arquivo 5 b - Dutos Longos-Historico.xlsx processada com sucesso.
2025-09-16 10:52:50,483 - INFO - Linha 1189 da planilha 09-25 Arquivo 5 b - Dutos Longos-Historico.xlsx processada com sucesso.
2025-09-16 10:52:50,486 - INFO - Linha 1190 da planilha 09-25 Arquivo 5 b - Dutos Longos-Historico.xlsx processada com sucesso.
2025-09-16 10:52:50,488 - INFO - Linha 1191 da planilha 09-25 Arquivo 5 b - Dutos Longos-Historico.xlsx processada com sucesso.
2025-09-16 10:52:50,492 - INFO - Linha 1192 da planilha 09-25 Arquivo 5 b - Dutos Longos-Historico.xlsx processada com sucesso.
2025-09-16 10:52:50,494 - INFO - Linha 1193 da planilha 09-25 Arquivo 5 b - Dutos Longos-Historico.xlsx processada com sucesso.
2025-09-16 10:52:50,497 - INFO - Linha 1194 da planilha 09-25 Arquivo 5 b - Dutos Longos-Historico.xlsx processada com sucesso.
2025-09-16 10:52:50,500 - INFO - Linha 1195 da planilha 09-25 Arquivo 5 b - Dutos Longos-Historico.xlsx processada com sucesso.
2025-09-16 10:52:50,503 - INFO - Linha 1196 da planilha 09-25 Arquivo 5 b - Dutos Longos-Historico.xlsx processada com sucesso.
2025-09-16 10:52:50,505 - INFO - Linha 1197 da planilha 09-25 Arquivo 5 b - Dutos Longos-Historico.xlsx processada com sucesso.
2025-09-16 10:52:50,508 - INFO - Linha 1198 da planilha 09-25 Arquivo 5 b - Dutos Longos-Historico.xlsx processada com sucesso.
2025-09-16 10:52:50,511 - INFO - Linha 1199 da planilha 09-25 Arquivo 5 b - Dutos Longos-Historico.xlsx processada com sucesso.
2025-09-16 10:52:50,514 - INFO - Linha 1200 da planilha 09-25 Arquivo 5 b - Dutos Longos-Historico.xlsx processada com sucesso.
2025-09-16 10:52:50,517 - INFO - Linha 1201 da planilha 09-25 Arquivo 5 b - Dutos Longos-Historico.xlsx processada com sucesso.
2025-09-16 10:52:50,519 - INFO - Linha 1202 da planilha 09-25 Arquivo 5 b - Dutos Longos-Historico.xlsx processada com sucesso.
2025-09-16 10:52:50,522 - INFO - Linha 1203 da planilha 09-25 Arquivo 5 b - Dutos Longos-Historico.xlsx processada com sucesso.
2025-09-16 10:52:50,525 - INFO - Linha 1204 da planilha 09-25 Arquivo 5 b - Dutos Longos-Historico.xlsx processada com sucesso.
2025-09-16 10:52:50,527 - INFO - Linha 1205 da planilha 09-25 Arquivo 5 b - Dutos Longos-Historico.xlsx processada com sucesso.
2025-09-16 10:52:50,530 - INFO - Linha 1206 da planilha 09-25 Arquivo 5 b - Dutos Longos-Historico.xlsx processada com sucesso.
2025-09-16 10:52:50,532 - INFO - Linha 1207 da planilha 09-25 Arquivo 5 b - Dutos Longos-Historico.xlsx processada com sucesso.
2025-09-16 10:52:50,535 - INFO - Linha 1208 da planilha 09-25 Arquivo 5 b - Dutos Longos-Historico.xlsx processada com sucesso.
2025-09-16 10:52:50,538 - INFO - Linha 1209 da planilha 09-25 Arquivo 5 b - Dutos Longos-Historico.xlsx processada com sucesso.
2025-09-16 10:52:50,541 - INFO - Linha 1210 da planilha 09-25 Arquivo 5 b - Dutos Longos-Historico.xlsx processada com sucesso.
2025-09-16 10:52:50,543 - INFO - Linha 1211 da planilha 09-25 Arquivo 5 b - Dutos Longos-Historico.xlsx processada com sucesso.
2025-09-16 10:52:50,546 - INFO - Linha 1212 da planilha 09-25 Arquivo 5 b - Dutos Longos-Historico.xlsx processada com sucesso.
2025-09-16 10:52:50,548 - INFO - Linha 1213 da planilha 09-25 Arquivo 5 b - Dutos Longos-Historico.xlsx processada com sucesso.
2025-09-16 10:52:50,551 - INFO - Linha 1214 da planilha 09-25 Arquivo 5 b - Dutos Longos-Historico.xlsx processada com sucesso.
2025-09-16 10:52:50,554 - INFO - Linha 1215 da planilha 09-25 Arquivo 5 b - Dutos Longos-Historico.xlsx processada com sucesso.
2025-09-16 10:52:50,557 - INFO - Linha 1216 da planilha 09-25 Arquivo 5 b - Dutos Longos-Historico.xlsx processada com sucesso.
2025-09-16 10:52:50,560 - INFO - Linha 1217 da planilha 09-25 Arquivo 5 b - Dutos Longos-Historico.xlsx processada com sucesso.
2025-09-16 10:52:50,563 - INFO - Linha 1218 da planilha 09-25 Arquivo 5 b - Dutos Longos-Historico.xlsx processada com sucesso.
2025-09-16 10:52:50,565 - INFO - Linha 1219 da planilha 09-25 Arquivo 5 b - Dutos Longos-Historico.xlsx processada com sucesso.
2025-09-16 10:52:50,568 - INFO - Linha 1220 da planilha 09-25 Arquivo 5 b - Dutos Longos-Historico.xlsx processada com sucesso.
2025-09-16 10:52:50,570 - INFO - Linha 1221 da planilha 09-25 Arquivo 5 b - Dutos Longos-Historico.xlsx processada com sucesso.
2025-09-16 10:52:50,574 - INFO - Linha 1222 da planilha 09-25 Arquivo 5 b - Dutos Longos-Historico.xlsx processada com sucesso.
2025-09-16 10:52:50,576 - INFO - Linha 1223 da planilha 09-25 Arquivo 5 b - Dutos Longos-Historico.xlsx processada com sucesso.
2025-09-16 10:52:50,578 - INFO - Linha 1224 da planilha 09-25 Arquivo 5 b - Dutos Longos-Historico.xlsx processada com sucesso.
2025-09-16 10:52:50,582 - INFO - Linha 1225 da planilha 09-25 Arquivo 5 b - Dutos Longos-Historico.xlsx processada com sucesso.
2025-09-16 10:52:50,585 - INFO - Linha 1226 da planilha 09-25 Arquivo 5 b - Dutos Longos-Historico.xlsx processada com sucesso.
2025-09-16 10:52:50,587 - INFO - Linha 1227 da planilha 09-25 Arquivo 5 b - Dutos Longos-Historico.xlsx processada com sucesso.
2025-09-16 10:52:50,590 - INFO - Linha 1228 da planilha 09-25 Arquivo 5 b - Dutos Longos-Historico.xlsx processada com sucesso.
2025-09-16 10:52:50,593 - INFO - Linha 1229 da planilha 09-25 Arquivo 5 b - Dutos Longos-Historico.xlsx processada com sucesso.
2025-09-16 10:52:50,596 - INFO - Linha 1230 da planilha 09-25 Arquivo 5 b - Dutos Longos-Historico.xlsx processada com sucesso.
2025-09-16 10:52:50,598 - INFO - Linha 1231 da planilha 09-25 Arquivo 5 b - Dutos Longos-Historico.xlsx processada com sucesso.
2025-09-16 10:52:50,600 - INFO - Linha 1232 da planilha 09-25 Arquivo 5 b - Dutos Longos-Historico.xlsx processada com sucesso.
2025-09-16 10:52:50,604 - INFO - Linha 1233 da planilha 09-25 Arquivo 5 b - Dutos Longos-Historico.xlsx processada com sucesso.
2025-09-16 10:52:50,606 - INFO - Linha 1234 da planilha 09-25 Arquivo 5 b - Dutos Longos-Historico.xlsx processada com sucesso.
2025-09-16 10:52:50,609 - INFO - Linha 1235 da planilha 09-25 Arquivo 5 b - Dutos Longos-Historico.xlsx processada com sucesso.
2025-09-16 10:52:50,612 - INFO - Linha 1236 da planilha 09-25 Arquivo 5 b - Dutos Longos-Historico.xlsx processada com sucesso.
2025-09-16 10:52:50,615 - INFO - Linha 1237 da planilha 09-25 Arquivo 5 b - Dutos Longos-Historico.xlsx processada com sucesso.
2025-09-16 10:52:50,617 - INFO - Linha 1238 da planilha 09-25 Arquivo 5 b - Dutos Longos-Historico.xlsx processada com sucesso.
2025-09-16 10:52:50,620 - INFO - Linha 1239 da planilha 09-25 Arquivo 5 b - Dutos Longos-Historico.xlsx processada com sucesso.
2025-09-16 10:52:50,623 - INFO - Linha 1240 da planilha 09-25 Arquivo 5 b - Dutos Longos-Historico.xlsx processada com sucesso.
2025-09-16 10:52:50,626 - INFO - Linha 1241 da planilha 09-25 Arquivo 5 b - Dutos Longos-Historico.xlsx processada com sucesso.
2025-09-16 10:52:50,628 - INFO - Linha 1242 da planilha 09-25 Arquivo 5 b - Dutos Longos-Historico.xlsx processada com sucesso.
2025-09-16 10:52:50,631 - INFO - Linha 1243 da planilha 09-25 Arquivo 5 b - Dutos Longos-Historico.xlsx processada com sucesso.
2025-09-16 10:52:50,634 - INFO - Linha 1244 da planilha 09-25 Arquivo 5 b - Dutos Longos-Historico.xlsx processada com sucesso.
2025-09-16 10:52:50,636 - INFO - Linha 1245 da planilha 09-25 Arquivo 5 b - Dutos Longos-Historico.xlsx processada com sucesso.
2025-09-16 10:52:50,640 - INFO - Linha 1246 da planilha 09-25 Arquivo 5 b - Dutos Longos-Historico.xlsx processada com sucesso.
2025-09-16 10:52:50,642 - INFO - Linha 1247 da planilha 09-25 Arquivo 5 b - Dutos Longos-Historico.xlsx processada com sucesso.
2025-09-16 10:52:50,645 - INFO - Linha 1248 da planilha 09-25 Arquivo 5 b - Dutos Longos-Historico.xlsx processada com sucesso.
2025-09-16 10:52:50,648 - INFO - Linha 1249 da planilha 09-25 Arquivo 5 b - Dutos Longos-Historico.xlsx processada com sucesso.
2025-09-16 10:52:50,651 - INFO - Linha 1250 da planilha 09-25 Arquivo 5 b - Dutos Longos-Historico.xlsx processada com sucesso.
2025-09-16 10:52:50,653 - INFO - Linha 1251 da planilha 09-25 Arquivo 5 b - Dutos Longos-Historico.xlsx processada com sucesso.
2025-09-16 10:52:50,656 - INFO - Linha 1252 da planilha 09-25 Arquivo 5 b - Dutos Longos-Historico.xlsx processada com sucesso.
2025-09-16 10:52:50,659 - INFO - Linha 1253 da planilha 09-25 Arquivo 5 b - Dutos Longos-Historico.xlsx processada com sucesso.
2025-09-16 10:52:50,662 - INFO - Linha 1254 da planilha 09-25 Arquivo 5 b - Dutos Longos-Historico.xlsx processada com sucesso.
2025-09-16 10:52:50,664 - INFO - Linha 1255 da planilha 09-25 Arquivo 5 b - Dutos Longos-Historico.xlsx processada com sucesso.
2025-09-16 10:52:50,666 - INFO - Linha 1256 da planilha 09-25 Arquivo 5 b - Dutos Longos-Historico.xlsx processada com sucesso.
2025-09-16 10:52:50,670 - INFO - Linha 1257 da planilha 09-25 Arquivo 5 b - Dutos Longos-Historico.xlsx processada com sucesso.
2025-09-16 10:52:50,673 - INFO - Linha 1258 da planilha 09-25 Arquivo 5 b - Dutos Longos-Historico.xlsx processada com sucesso.
2025-09-16 10:52:50,676 - INFO - Linha 1259 da planilha 09-25 Arquivo 5 b - Dutos Longos-Historico.xlsx processada com sucesso.
2025-09-16 10:52:56,164 - INFO - Processamento de todas as planilhas concluído.
